------- FILE gameselect_image.asm LEVEL 1 PASS 2
      1  004d ????				      ifnconst	bmp_gameselect_color
      2  004d ????			   bmp_gameselect_color
      3  004d ????				      endif
      4  004d ????	       0f		      .byte.b	$0f
      5  004e ????
      6  004e ????			  -	      if	>. != >[.+5]
      7  004e ????			  -	      align	256
      8  004e ????				      endif
      9  004e ????			   bmp_gameselect_CHAR0
     10  004e ????
     11  004e ????	       7a		      .byte.b	%01111010
     12  004f ????	       8a		      .byte.b	%10001010
     13  0050 ????	       bb		      .byte.b	%10111011
     14  0051 ????	       82		      .byte.b	%10000010
     15  0052 ????	       79		      .byte.b	%01111001
     16  0053 ????
     17  0053 ????			  -	      if	>. != >[.+5]
     18  0053 ????			  -	      align	256
     19  0053 ????				      endif
     20  0053 ????			   bmp_gameselect_CHAR1
     21  0053 ????
     22  0053 ????	       51		      .byte.b	%01010001
     23  0054 ????	       51		      .byte.b	%01010001
     24  0055 ????	       d5		      .byte.b	%11010101
     25  0056 ????	       5b		      .byte.b	%01011011
     26  0057 ????	       91		      .byte.b	%10010001
     27  0058 ????
     28  0058 ????			  -	      if	>. != >[.+5]
     29  0058 ????			  -	      align	256
     30  0058 ????				      endif
     31  0058 ????			   bmp_gameselect_CHAR2
     32  0058 ????	       78		      .byte.b	%01111000
     33  0059 ????	       40		      .byte.b	%01000000
     34  005a ????	       70		      .byte.b	%01110000
     35  005b ????	       40		      .byte.b	%01000000
     36  005c ????	       78		      .byte.b	%01111000
     37  005d ????
     38  005d ????			  -	      if	>. != >[.+5]
     39  005d ????			  -	      align	256
     40  005d ????				      endif
     41  005d ????			   bmp_gameselect_CHAR3
     42  005d ????	       3c		      .byte.b	%00111100
     43  005e ????	       00		      .byte.b	%00000000
     44  005f ????	       00		      .byte.b	%00000000
     45  0060 ????	       00		      .byte.b	%00000000
     46  0061 ????	       00		      .byte.b	%00000000
     47  0062 ????
     48  0062 ????			  -	      if	>. != >[.+80]
     49  0062 ????			  -	      align	256
     50  0062 ????				      endif
     51  0062 ????
     52  0062 ????			   bmp_gameselect_CHAR4
     53  0062 ????	       00		      .byte.b	%00000000
     54  0063 ????	       00		      .byte.b	%00000000
     55  0064 ????	       00		      .byte.b	%00000000
     56  0065 ????	       00		      .byte.b	%00000000
     57  0066 ????	       00		      .byte.b	%00000000
     58  0067 ????
     59  0067 ????			  -	      if	>. != >[.+80]
     60  0067 ????			  -	      align	256
     61  0067 ????				      endif
     62  0067 ????
     63  0067 ????			   font_gameselect_img
     64  0067 ????	       3c		      .byte.b	%00111100
     65  0068 ????	       66		      .byte.b	%01100110
     66  0069 ????	       66		      .byte.b	%01100110
     67  006a ????	       66		      .byte.b	%01100110
     68  006b ????	       3c		      .byte.b	%00111100
     69  006c ????
     70  006c ????	       3c		      .byte.b	%00111100
     71  006d ????	       18		      .byte.b	%00011000
     72  006e ????	       18		      .byte.b	%00011000
     73  006f ????	       18		      .byte.b	%00011000
     74  0070 ????	       38		      .byte.b	%00111000
     75  0071 ????
     76  0071 ????	       7e		      .byte.b	%01111110
     77  0072 ????	       60		      .byte.b	%01100000
     78  0073 ????	       3c		      .byte.b	%00111100
     79  0074 ????	       06		      .byte.b	%00000110
     80  0075 ????	       7c		      .byte.b	%01111100
     81  0076 ????
     82  0076 ????	       7c		      .byte.b	%01111100
     83  0077 ????	       06		      .byte.b	%00000110
     84  0078 ????	       1c		      .byte.b	%00011100
     85  0079 ????	       06		      .byte.b	%00000110
     86  007a ????	       7c		      .byte.b	%01111100
     87  007b ????
     88  007b ????	       06		      .byte.b	%00000110
     89  007c ????	       06		      .byte.b	%00000110
     90  007d ????	       7e		      .byte.b	%01111110
     91  007e ????	       66		      .byte.b	%01100110
     92  007f ????	       66		      .byte.b	%01100110
     93  0080 ????
     94  0080 ????	       7c		      .byte.b	%01111100
     95  0081 ????	       06		      .byte.b	%00000110
     96  0082 ????	       7c		      .byte.b	%01111100
     97  0083 ????	       60		      .byte.b	%01100000
     98  0084 ????	       7e		      .byte.b	%01111110
     99  0085 ????
    100  0085 ????	       3c		      .byte.b	%00111100
    101  0086 ????	       66		      .byte.b	%01100110
    102  0087 ????	       7c		      .byte.b	%01111100
    103  0088 ????	       60		      .byte.b	%01100000
    104  0089 ????	       3c		      .byte.b	%00111100
    105  008a ????
    106  008a ????	       18		      .byte.b	%00011000
    107  008b ????	       18		      .byte.b	%00011000
    108  008c ????	       0c		      .byte.b	%00001100
    109  008d ????	       06		      .byte.b	%00000110
    110  008e ????	       7e		      .byte.b	%01111110
    111  008f ????
    112  008f ????	       3c		      .byte.b	%00111100
    113  0090 ????	       66		      .byte.b	%01100110
    114  0091 ????	       3c		      .byte.b	%00111100
    115  0092 ????	       66		      .byte.b	%01100110
    116  0093 ????	       3c		      .byte.b	%00111100
    117  0094 ????
    118  0094 ????	       3c		      .byte.b	%00111100
    119  0095 ????	       06		      .byte.b	%00000110
    120  0096 ????	       3e		      .byte.b	%00111110
    121  0097 ????	       66		      .byte.b	%01100110
    122  0098 ????	       3c		      .byte.b	%00111100
    123  0099 ????
    124  0099 ????				      ifnconst	gamenumber
    125  0099 ????			   gamenumber
    126  0099 ????				      endif
    127  0099 ????	       00		      .byte.b	0
    128  009a ????
