------- FILE 96x2_3_image.asm LEVEL 1 PASS 2
      1  00c4 ????
      2  00c4 ????
      3  00c4 ????						;*** The height of the displayed data...
      4  00c4 ????	       00 0f	   bmp_96x2_3_window =	15
      5  00c4 ????
      6  00c4 ????						;*** The height of the bitmap data. This can be larger than
      7  00c4 ????						;*** the displayed data height, if you're scrolling or animating
      8  00c4 ????						;*** the data...
      9  00c4 ????	       00 0f	   bmp_96x2_3_height =	15
     10  00c4 ????
     11  00c4 ????
     12  00c4 ????			  -	      if	>. != >[.+(bmp_96x2_3_height)]
     13  00c4 ????			  -	      align	256
     14  00c4 ????				      endif
     15  00c4 ????	       00		      BYTE.b	$00	; leave this here!
     16  00c5 ????
     17  00c5 ????
     18  00c5 ????						;*** The color of each line in the bitmap, in reverse order...
     19  00c5 ????			   bmp_96x2_3_colors
     20  00c5 ????	       0c		      .byte.b	$0C
     21  00c6 ????	       c6		      .byte.b	$C6
     22  00c7 ????	       c6		      .byte.b	$C6
     23  00c8 ????	       c6		      .byte.b	$C6
     24  00c9 ????	       c6		      .byte.b	$C6
     25  00ca ????	       c6		      .byte.b	$C6
     26  00cb ????	       c6		      .byte.b	$C6
     27  00cc ????	       c6		      .byte.b	$C6
     28  00cd ????	       c6		      .byte.b	$C6
     29  00ce ????	       c6		      .byte.b	$C6
     30  00cf ????	       c6		      .byte.b	$C6
     31  00d0 ????	       c6		      .byte.b	$C6
     32  00d1 ????	       c6		      .byte.b	$C6
     33  00d2 ????	       c6		      .byte.b	$C6
     34  00d3 ????	       00		      .byte.b	$00
     35  00d4 ????
     36  00d4 ????
     37  00d4 ????			  -	      if	>. != >[.+(bmp_96x2_3_height)]
     38  00d4 ????			  -	      align	256
     39  00d4 ????				      endif
     40  00d4 ????
     41  00d4 ????
     42  00d4 ????			   bmp_96x2_3_00
     43  00d4 ????						; *** replace this block with your bimap_00 data block...
     44  00d4 ????	       00		      BYTE.b	%00000000
     45  00d5 ????	       00		      BYTE.b	%00000000
     46  00d6 ????	       00		      BYTE.b	%00000000
     47  00d7 ????	       42		      BYTE.b	%01000010
     48  00d8 ????	       42		      BYTE.b	%01000010
     49  00d9 ????	       42		      BYTE.b	%01000010
     50  00da ????	       73		      BYTE.b	%01110011
     51  00db ????	       4a		      BYTE.b	%01001010
     52  00dc ????	       4a		      BYTE.b	%01001010
     53  00dd ????	       4a		      BYTE.b	%01001010
     54  00de ????	       7b		      BYTE.b	%01111011
     55  00df ????	       00		      BYTE.b	%00000000
     56  00e0 ????	       00		      BYTE.b	%00000000
     57  00e1 ????	       00		      BYTE.b	%00000000
     58  00e2 ????	       00		      BYTE.b	%00000000
     59  00e3 ????
     60  00e3 ????
     61  00e3 ????
     62  00e3 ????			  -	      if	>. != >[.+(bmp_96x2_3_height)]
     63  00e3 ????			  -	      align	256
     64  00e3 ????				      endif
     65  00e3 ????
     66  00e3 ????
     67  00e3 ????			   bmp_96x2_3_01
     68  00e3 ????						; *** replace this block with your bimap_01 data block...
     69  00e3 ????	       00		      BYTE.b	%00000000
     70  00e4 ????	       00		      BYTE.b	%00000000
     71  00e5 ????	       00		      BYTE.b	%00000000
     72  00e6 ????	       2f		      BYTE.b	%00101111
     73  00e7 ????	       48		      BYTE.b	%01001000
     74  00e8 ????	       c8		      BYTE.b	%11001000
     75  00e9 ????	       88		      BYTE.b	%10001000
     76  00ea ????	       4f		      BYTE.b	%01001111
     77  00eb ????	       48		      BYTE.b	%01001000
     78  00ec ????	       48		      BYTE.b	%01001000
     79  00ed ????	       cf		      BYTE.b	%11001111
     80  00ee ????	       00		      BYTE.b	%00000000
     81  00ef ????	       00		      BYTE.b	%00000000
     82  00f0 ????	       00		      BYTE.b	%00000000
     83  00f1 ????	       00		      BYTE.b	%00000000
     84  00f2 ????
     85  00f2 ????
     86  00f2 ????
     87  00f2 ????			  -	      if	>. != >[.+(bmp_96x2_3_height)]
     88  00f2 ????			  -	      align	256
     89  00f2 ????				      endif
     90  00f2 ????
     91  00f2 ????
     92  00f2 ????			   bmp_96x2_3_02
     93  00f2 ????						; *** replace this block with your bimap_02 data block...
     94  00f2 ????	       00		      BYTE.b	%00000000
     95  00f3 ????	       00		      BYTE.b	%00000000
     96  00f4 ????	       10		      BYTE.b	%00010000
     97  00f5 ????	       79		      BYTE.b	%01111001
     98  00f6 ????	       04		      BYTE.b	%00000100
     99  00f7 ????	       04		      BYTE.b	%00000100
    100  00f8 ????	       1c		      BYTE.b	%00011100
    101  00f9 ????	       31		      BYTE.b	%00110001
    102  00fa ????	       41		      BYTE.b	%01000001
    103  00fb ????	       41		      BYTE.b	%01000001
    104  00fc ????	       3d		      BYTE.b	%00111101
    105  00fd ????	       10		      BYTE.b	%00010000
    106  00fe ????	       00		      BYTE.b	%00000000
    107  00ff ????	       00		      BYTE.b	%00000000
    108  0100 ????	       00		      BYTE.b	%00000000
    109  0101 ????
    110  0101 ????
    111  0101 ????
    112  0101 ????			  -	      if	>. != >[.+(bmp_96x2_3_height)]
    113  0101 ????			  -	      align	256
    114  0101 ????				      endif
    115  0101 ????
    116  0101 ????
    117  0101 ????			   bmp_96x2_3_03
    118  0101 ????						; *** replace this block with your bimap_03 data block...
    119  0101 ????	       00		      BYTE.b	%00000000
    120  0102 ????	       00		      BYTE.b	%00000000
    121  0103 ????	       c0		      BYTE.b	%11000000
    122  0104 ????	       e0		      BYTE.b	%11100000
    123  0105 ????	       10		      BYTE.b	%00010000
    124  0106 ????	       10		      BYTE.b	%00010000
    125  0107 ????	       60		      BYTE.b	%01100000
    126  0108 ????	       c0		      BYTE.b	%11000000
    127  0109 ????	       00		      BYTE.b	%00000000
    128  010a ????	       00		      BYTE.b	%00000000
    129  010b ????	       f0		      BYTE.b	%11110000
    130  010c ????	       40		      BYTE.b	%01000000
    131  010d ????	       00		      BYTE.b	%00000000
    132  010e ????	       00		      BYTE.b	%00000000
    133  010f ????	       00		      BYTE.b	%00000000
    134  0110 ????
    135  0110 ????
    136  0110 ????
    137  0110 ????			  -	      if	>. != >[.+(bmp_96x2_3_height)]
    138  0110 ????			  -	      align	256
    139  0110 ????				      endif
    140  0110 ????
    141  0110 ????
    142  0110 ????			   bmp_96x2_3_04
    143  0110 ????						; *** replace this block with your bimap_04 data block...
    144  0110 ????	       00		      BYTE.b	%00000000
    145  0111 ????	       00		      BYTE.b	%00000000
    146  0112 ????	       00		      BYTE.b	%00000000
    147  0113 ????	       84		      BYTE.b	%10000100
    148  0114 ????	       84		      BYTE.b	%10000100
    149  0115 ????	       84		      BYTE.b	%10000100
    150  0116 ????	       84		      BYTE.b	%10000100
    151  0117 ????	       f4		      BYTE.b	%11110100
    152  0118 ????	       84		      BYTE.b	%10000100
    153  0119 ????	       84		      BYTE.b	%10000100
    154  011a ????	       f4		      BYTE.b	%11110100
    155  011b ????	       00		      BYTE.b	%00000000
    156  011c ????	       00		      BYTE.b	%00000000
    157  011d ????	       00		      BYTE.b	%00000000
    158  011e ????	       00		      BYTE.b	%00000000
    159  011f ????
    160  011f ????
    161  011f ????
    162  011f ????			  -	      if	>. != >[.+(bmp_96x2_3_height)]
    163  011f ????			  -	      align	256
    164  011f ????				      endif
    165  011f ????
    166  011f ????
    167  011f ????			   bmp_96x2_3_05
    168  011f ????						; *** replace this block with your bimap_05 data block...
    169  011f ????	       00		      BYTE.b	%00000000
    170  0120 ????	       00		      BYTE.b	%00000000
    171  0121 ????	       00		      BYTE.b	%00000000
    172  0122 ????	       8b		      BYTE.b	%10001011
    173  0123 ????	       9a		      BYTE.b	%10011010
    174  0124 ????	       92		      BYTE.b	%10010010
    175  0125 ????	       f2		      BYTE.b	%11110010
    176  0126 ????	       fb		      BYTE.b	%11111011
    177  0127 ????	       8a		      BYTE.b	%10001010
    178  0128 ????	       8a		      BYTE.b	%10001010
    179  0129 ????	       f3		      BYTE.b	%11110011
    180  012a ????	       00		      BYTE.b	%00000000
    181  012b ????	       00		      BYTE.b	%00000000
    182  012c ????	       00		      BYTE.b	%00000000
    183  012d ????	       00		      BYTE.b	%00000000
    184  012e ????
    185  012e ????
    186  012e ????
    187  012e ????			  -	      if	>. != >[.+(bmp_96x2_3_height)]
    188  012e ????			  -	      align	256
    189  012e ????				      endif
    190  012e ????
    191  012e ????
    192  012e ????			   bmp_96x2_3_06
    193  012e ????						; *** replace this block with your bimap_06 data block...
    194  012e ????	       00		      BYTE.b	%00000000
    195  012f ????	       00		      BYTE.b	%00000000
    196  0130 ????	       00		      BYTE.b	%00000000
    197  0131 ????	       c0		      BYTE.b	%11000000
    198  0132 ????	       00		      BYTE.b	%00000000
    199  0133 ????	       00		      BYTE.b	%00000000
    200  0134 ????	       00		      BYTE.b	%00000000
    201  0135 ????	       e0		      BYTE.b	%11100000
    202  0136 ????	       00		      BYTE.b	%00000000
    203  0137 ????	       00		      BYTE.b	%00000000
    204  0138 ????	       c3		      BYTE.b	%11000011
    205  0139 ????	       00		      BYTE.b	%00000000
    206  013a ????	       00		      BYTE.b	%00000000
    207  013b ????	       00		      BYTE.b	%00000000
    208  013c ????	       00		      BYTE.b	%00000000
    209  013d ????
    210  013d ????
    211  013d ????
    212  013d ????			  -	      if	>. != >[.+(bmp_96x2_3_height)]
    213  013d ????			  -	      align	256
    214  013d ????				      endif
    215  013d ????
    216  013d ????
    217  013d ????			   bmp_96x2_3_07
    218  013d ????						; *** replace this block with your bimap_07 data block...
    219  013d ????	       00		      BYTE.b	%00000000
    220  013e ????	       00		      BYTE.b	%00000000
    221  013f ????	       02		      BYTE.b	%00000010
    222  0140 ????	       8f		      BYTE.b	%10001111
    223  0141 ????	       88		      BYTE.b	%10001000
    224  0142 ????	       88		      BYTE.b	%10001000
    225  0143 ????	       88		      BYTE.b	%10001000
    226  0144 ????	       88		      BYTE.b	%10001000
    227  0145 ????	       88		      BYTE.b	%10001000
    228  0146 ????	       88		      BYTE.b	%10001000
    229  0147 ????	       ef		      BYTE.b	%11101111
    230  0148 ????	       02		      BYTE.b	%00000010
    231  0149 ????	       00		      BYTE.b	%00000000
    232  014a ????	       00		      BYTE.b	%00000000
    233  014b ????	       00		      BYTE.b	%00000000
    234  014c ????
    235  014c ????
    236  014c ????
    237  014c ????			  -	      if	>. != >[.+(bmp_96x2_3_height)]
    238  014c ????			  -	      align	256
    239  014c ????				      endif
    240  014c ????
    241  014c ????
    242  014c ????			   bmp_96x2_3_08
    243  014c ????						; *** replace this block with your bimap_08 data block...
    244  014c ????	       00		      BYTE.b	%00000000
    245  014d ????	       00		      BYTE.b	%00000000
    246  014e ????	       01		      BYTE.b	%00000001
    247  014f ????	       87		      BYTE.b	%10000111
    248  0150 ????	       80		      BYTE.b	%10000000
    249  0151 ????	       80		      BYTE.b	%10000000
    250  0152 ????	       81		      BYTE.b	%10000001
    251  0153 ????	       83		      BYTE.b	%10000011
    252  0154 ????	       86		      BYTE.b	%10000110
    253  0155 ????	       86		      BYTE.b	%10000110
    254  0156 ????	       83		      BYTE.b	%10000011
    255  0157 ????	       01		      BYTE.b	%00000001
    256  0158 ????	       00		      BYTE.b	%00000000
    257  0159 ????	       00		      BYTE.b	%00000000
    258  015a ????	       00		      BYTE.b	%00000000
    259  015b ????
    260  015b ????
    261  015b ????
    262  015b ????			  -	      if	>. != >[.+(bmp_96x2_3_height)]
    263  015b ????			  -	      align	256
    264  015b ????				      endif
    265  015b ????
    266  015b ????
    267  015b ????			   bmp_96x2_3_09
    268  015b ????						; *** replace this block with your bimap_09 data block...
    269  015b ????	       00		      BYTE.b	%00000000
    270  015c ????	       00		      BYTE.b	%00000000
    271  015d ????	       00		      BYTE.b	%00000000
    272  015e ????	       c4		      BYTE.b	%11000100
    273  015f ????	       44		      BYTE.b	%01000100
    274  0160 ????	       44		      BYTE.b	%01000100
    275  0161 ????	       c4		      BYTE.b	%11000100
    276  0162 ????	       84		      BYTE.b	%10000100
    277  0163 ????	       04		      BYTE.b	%00000100
    278  0164 ????	       04		      BYTE.b	%00000100
    279  0165 ????	       df		      BYTE.b	%11011111
    280  0166 ????	       80		      BYTE.b	%10000000
    281  0167 ????	       00		      BYTE.b	%00000000
    282  0168 ????	       00		      BYTE.b	%00000000
    283  0169 ????	       00		      BYTE.b	%00000000
    284  016a ????
    285  016a ????
    286  016a ????
    287  016a ????			  -	      if	>. != >[.+(bmp_96x2_3_height)]
    288  016a ????			  -	      align	256
    289  016a ????				      endif
    290  016a ????
    291  016a ????
    292  016a ????			   bmp_96x2_3_10
    293  016a ????						; *** replace this block with your bimap_10 data block...
    294  016a ????	       00		      BYTE.b	%00000000
    295  016b ????	       00		      BYTE.b	%00000000
    296  016c ????	       00		      BYTE.b	%00000000
    297  016d ????	       8a		      BYTE.b	%10001010
    298  016e ????	       8a		      BYTE.b	%10001010
    299  016f ????	       fa		      BYTE.b	%11111010
    300  0170 ????	       53		      BYTE.b	%01010011
    301  0171 ????	       52		      BYTE.b	%01010010
    302  0172 ????	       52		      BYTE.b	%01010010
    303  0173 ????	       72		      BYTE.b	%01110010
    304  0174 ????	       23		      BYTE.b	%00100011
    305  0175 ????	       00		      BYTE.b	%00000000
    306  0176 ????	       00		      BYTE.b	%00000000
    307  0177 ????	       00		      BYTE.b	%00000000
    308  0178 ????	       00		      BYTE.b	%00000000
    309  0179 ????
    310  0179 ????
    311  0179 ????
    312  0179 ????			  -	      if	>. != >[.+(bmp_96x2_3_height)]
    313  0179 ????			  -	      align	256
    314  0179 ????				      endif
    315  0179 ????
    316  0179 ????
    317  0179 ????			   bmp_96x2_3_11
    318  0179 ????						; *** replace this block with your bimap_11 data block...
    319  0179 ????	       00		      BYTE.b	%00000000
    320  017a ????	       00		      BYTE.b	%00000000
    321  017b ????	       00		      BYTE.b	%00000000
    322  017c ????	       24		      BYTE.b	%00100100
    323  017d ????	       44		      BYTE.b	%01000100
    324  017e ????	       c4		      BYTE.b	%11000100
    325  017f ????	       84		      BYTE.b	%10000100
    326  0180 ????	       44		      BYTE.b	%01000100
    327  0181 ????	       44		      BYTE.b	%01000100
    328  0182 ????	       44		      BYTE.b	%01000100
    329  0183 ????	       df		      BYTE.b	%11011111
    330  0184 ????	       00		      BYTE.b	%00000000
    331  0185 ????	       00		      BYTE.b	%00000000
    332  0186 ????	       00		      BYTE.b	%00000000
    333  0187 ????	       00		      BYTE.b	%00000000
    334  0188 ????
    335  0188 ????
    336  0188 ????
