------- FILE 96x2_2_image.asm LEVEL 1 PASS 2
      1  02db ????
      2  02db ????
      3  02db ????						;*** The height of the displayed data...
      4  02db ????	       00 14	   bmp_96x2_2_window =	20
      5  02db ????
      6  02db ????						;*** The height of the bitmap data. This can be larger than
      7  02db ????						;*** the displayed data height, if you're scrolling or animating
      8  02db ????						;*** the data...
      9  02db ????	       00 0a	   bmp_96x2_2_height =	10
     10  02db ????
     11  02db ????
     12  02db ????			  -	      if	>. != >[.+(bmp_96x2_2_height)]
     13  02db ????			  -	      align	256
     14  02db ????				      endif
     15  02db ????	       00		      BYTE.b	$00	; leave this here!
     16  02dc ????
     17  02dc ????
     18  02dc ????						;*** The color of each line in the bitmap, in reverse order...
     19  02dc ????			   bmp_96x2_2_colors
     20  02dc ????	       42		      .byte.b	$42
     21  02dd ????	       42		      .byte.b	$42
     22  02de ????	       42		      .byte.b	$42
     23  02df ????	       42		      .byte.b	$42
     24  02e0 ????	       42		      .byte.b	$42
     25  02e1 ????	       42		      .byte.b	$42
     26  02e2 ????	       42		      .byte.b	$42
     27  02e3 ????	       42		      .byte.b	$42
     28  02e4 ????	       42		      .byte.b	$42
     29  02e5 ????	       42		      .byte.b	$42
     30  02e6 ????
     31  02e6 ????
     32  02e6 ????			  -	      if	>. != >[.+(bmp_96x2_2_height)]
     33  02e6 ????			  -	      align	256
     34  02e6 ????				      endif
     35  02e6 ????
     36  02e6 ????
     37  02e6 ????			   bmp_96x2_2_00
     38  02e6 ????	       00		      BYTE.b	%00000000
     39  02e7 ????	       00		      BYTE.b	%00000000
     40  02e8 ????	       00		      BYTE.b	%00000000
     41  02e9 ????	       00		      BYTE.b	%00000000
     42  02ea ????	       00		      BYTE.b	%00000000
     43  02eb ????	       00		      BYTE.b	%00000000
     44  02ec ????	       00		      BYTE.b	%00000000
     45  02ed ????	       00		      BYTE.b	%00000000
     46  02ee ????	       00		      BYTE.b	%00000000
     47  02ef ????	       00		      BYTE.b	%00000000
     48  02f0 ????	       00		      BYTE.b	%00000000
     49  02f1 ????	       00		      BYTE.b	%00000000
     50  02f2 ????	       00		      BYTE.b	%00000000
     51  02f3 ????	       00		      BYTE.b	%00000000
     52  02f4 ????	       00		      BYTE.b	%00000000
     53  02f5 ????	       00		      BYTE.b	%00000000
     54  02f6 ????	       00		      BYTE.b	%00000000
     55  02f7 ????	       00		      BYTE.b	%00000000
     56  02f8 ????	       00		      BYTE.b	%00000000
     57  02f9 ????	       00		      BYTE.b	%00000000
     58  02fa ????	       00		      BYTE.b	%00000000
     59  02fb ????	       00		      BYTE.b	%00000000
     60  02fc ????	       00		      BYTE.b	%00000000
     61  02fd ????	       00		      BYTE.b	%00000000
     62  02fe ????	       41		      BYTE.b	%01000001
     63  02ff ????	       41		      BYTE.b	%01000001
     64  0300 ????	       41		      BYTE.b	%01000001
     65  0301 ????	       41		      BYTE.b	%01000001
     66  0302 ????	       79		      BYTE.b	%01111001
     67  0303 ????	       49		      BYTE.b	%01001001
     68  0304 ????	       4d		      BYTE.b	%01001101
     69  0305 ????	       4d		      BYTE.b	%01001101
     70  0306 ????	       4d		      BYTE.b	%01001101
     71  0307 ????	       79		      BYTE.b	%01111001
     72  0308 ????	       00		      BYTE.b	%00000000
     73  0309 ????	       00		      BYTE.b	%00000000
     74  030a ????	       00		      BYTE.b	%00000000
     75  030b ????	       00		      BYTE.b	%00000000
     76  030c ????	       00		      BYTE.b	%00000000
     77  030d ????	       00		      BYTE.b	%00000000
     78  030e ????	       00		      BYTE.b	%00000000
     79  030f ????	       00		      BYTE.b	%00000000
     80  0310 ????	       00		      BYTE.b	%00000000
     81  0311 ????	       00		      BYTE.b	%00000000
     82  0312 ????	       00		      BYTE.b	%00000000
     83  0313 ????	       00		      BYTE.b	%00000000
     84  0314 ????	       00		      BYTE.b	%00000000
     85  0315 ????	       00		      BYTE.b	%00000000
     86  0316 ????	       00		      BYTE.b	%00000000
     87  0317 ????	       00		      BYTE.b	%00000000
     88  0318 ????	       00		      BYTE.b	%00000000
     89  0319 ????	       00		      BYTE.b	%00000000
     90  031a ????	       00		      BYTE.b	%00000000
     91  031b ????	       00		      BYTE.b	%00000000
     92  031c ????	       00		      BYTE.b	%00000000
     93  031d ????	       00		      BYTE.b	%00000000
     94  031e ????	       00		      BYTE.b	%00000000
     95  031f ????	       00		      BYTE.b	%00000000
     96  0320 ????	       00		      BYTE.b	%00000000
     97  0321 ????	       00		      BYTE.b	%00000000
     98  0322 ????
     99  0322 ????			  -	      if	>. != >[.+(bmp_96x2_2_height)]
    100  0322 ????			  -	      align	256
    101  0322 ????				      endif
    102  0322 ????
    103  0322 ????			   bmp_96x2_2_01
    104  0322 ????	       00		      BYTE.b	%00000000
    105  0323 ????	       00		      BYTE.b	%00000000
    106  0324 ????	       00		      BYTE.b	%00000000
    107  0325 ????	       00		      BYTE.b	%00000000
    108  0326 ????	       12		      BYTE.b	%00010010
    109  0327 ????	       13		      BYTE.b	%00010011
    110  0328 ????	       11		      BYTE.b	%00010001
    111  0329 ????	       11		      BYTE.b	%00010001
    112  032a ????	       11		      BYTE.b	%00010001
    113  032b ????	       11		      BYTE.b	%00010001
    114  032c ????	       10		      BYTE.b	%00010000
    115  032d ????	       10		      BYTE.b	%00010000
    116  032e ????	       10		      BYTE.b	%00010000
    117  032f ????	       7c		      BYTE.b	%01111100
    118  0330 ????	       00		      BYTE.b	%00000000
    119  0331 ????	       00		      BYTE.b	%00000000
    120  0332 ????	       00		      BYTE.b	%00000000
    121  0333 ????	       00		      BYTE.b	%00000000
    122  0334 ????	       00		      BYTE.b	%00000000
    123  0335 ????	       00		      BYTE.b	%00000000
    124  0336 ????	       00		      BYTE.b	%00000000
    125  0337 ????	       00		      BYTE.b	%00000000
    126  0338 ????	       00		      BYTE.b	%00000000
    127  0339 ????	       00		      BYTE.b	%00000000
    128  033a ????	       13		      BYTE.b	%00010011
    129  033b ????	       12		      BYTE.b	%00010010
    130  033c ????	       22		      BYTE.b	%00100010
    131  033d ????	       22		      BYTE.b	%00100010
    132  033e ????	       e2		      BYTE.b	%11100010
    133  033f ????	       23		      BYTE.b	%00100011
    134  0340 ????	       32		      BYTE.b	%00110010
    135  0341 ????	       32		      BYTE.b	%00110010
    136  0342 ????	       32		      BYTE.b	%00110010
    137  0343 ????	       e3		      BYTE.b	%11100011
    138  0344 ????	       00		      BYTE.b	%00000000
    139  0345 ????	       00		      BYTE.b	%00000000
    140  0346 ????	       00		      BYTE.b	%00000000
    141  0347 ????	       00		      BYTE.b	%00000000
    142  0348 ????	       00		      BYTE.b	%00000000
    143  0349 ????	       00		      BYTE.b	%00000000
    144  034a ????	       00		      BYTE.b	%00000000
    145  034b ????	       00		      BYTE.b	%00000000
    146  034c ????	       00		      BYTE.b	%00000000
    147  034d ????	       00		      BYTE.b	%00000000
    148  034e ????	       00		      BYTE.b	%00000000
    149  034f ????	       00		      BYTE.b	%00000000
    150  0350 ????	       00		      BYTE.b	%00000000
    151  0351 ????	       00		      BYTE.b	%00000000
    152  0352 ????	       00		      BYTE.b	%00000000
    153  0353 ????	       00		      BYTE.b	%00000000
    154  0354 ????	       00		      BYTE.b	%00000000
    155  0355 ????	       00		      BYTE.b	%00000000
    156  0356 ????	       00		      BYTE.b	%00000000
    157  0357 ????	       00		      BYTE.b	%00000000
    158  0358 ????	       00		      BYTE.b	%00000000
    159  0359 ????	       00		      BYTE.b	%00000000
    160  035a ????	       00		      BYTE.b	%00000000
    161  035b ????	       00		      BYTE.b	%00000000
    162  035c ????	       00		      BYTE.b	%00000000
    163  035d ????	       00		      BYTE.b	%00000000
    164  035e ????
    165  035e ????			  -	      if	>. != >[.+(bmp_96x2_2_height)]
    166  035e ????			  -	      align	256
    167  035e ????				      endif
    168  035e ????
    169  035e ????			   bmp_96x2_2_02
    170  035e ????	       00		      BYTE.b	%00000000
    171  035f ????	       00		      BYTE.b	%00000000
    172  0360 ????	       00		      BYTE.b	%00000000
    173  0361 ????	       00		      BYTE.b	%00000000
    174  0362 ????	       17		      BYTE.b	%00010111
    175  0363 ????	       12		      BYTE.b	%00010010
    176  0364 ????	       f3		      BYTE.b	%11110011
    177  0365 ????	       f3		      BYTE.b	%11110011
    178  0366 ????	       31		      BYTE.b	%00110001
    179  0367 ????	       20		      BYTE.b	%00100000
    180  0368 ????	       a0		      BYTE.b	%10100000
    181  0369 ????	       e0		      BYTE.b	%11100000
    182  036a ????	       e0		      BYTE.b	%11100000
    183  036b ????	       c7		      BYTE.b	%11000111
    184  036c ????	       00		      BYTE.b	%00000000
    185  036d ????	       00		      BYTE.b	%00000000
    186  036e ????	       00		      BYTE.b	%00000000
    187  036f ????	       00		      BYTE.b	%00000000
    188  0370 ????	       00		      BYTE.b	%00000000
    189  0371 ????	       00		      BYTE.b	%00000000
    190  0372 ????	       00		      BYTE.b	%00000000
    191  0373 ????	       00		      BYTE.b	%00000000
    192  0374 ????	       00		      BYTE.b	%00000000
    193  0375 ????	       00		      BYTE.b	%00000000
    194  0376 ????	       dc		      BYTE.b	%11011100
    195  0377 ????	       06		      BYTE.b	%00000110
    196  0378 ????	       02		      BYTE.b	%00000010
    197  0379 ????	       06		      BYTE.b	%00000110
    198  037a ????	       06		      BYTE.b	%00000110
    199  037b ????	       9c		      BYTE.b	%10011100
    200  037c ????	       10		      BYTE.b	%00010000
    201  037d ????	       10		      BYTE.b	%00010000
    202  037e ????	       10		      BYTE.b	%00010000
    203  037f ????	       8e		      BYTE.b	%10001110
    204  0380 ????	       00		      BYTE.b	%00000000
    205  0381 ????	       00		      BYTE.b	%00000000
    206  0382 ????	       00		      BYTE.b	%00000000
    207  0383 ????	       00		      BYTE.b	%00000000
    208  0384 ????	       00		      BYTE.b	%00000000
    209  0385 ????	       00		      BYTE.b	%00000000
    210  0386 ????	       00		      BYTE.b	%00000000
    211  0387 ????	       00		      BYTE.b	%00000000
    212  0388 ????	       00		      BYTE.b	%00000000
    213  0389 ????	       00		      BYTE.b	%00000000
    214  038a ????	       07		      BYTE.b	%00000111
    215  038b ????	       0c		      BYTE.b	%00001100
    216  038c ????	       08		      BYTE.b	%00001000
    217  038d ????	       18		      BYTE.b	%00011000
    218  038e ????	       19		      BYTE.b	%00011001
    219  038f ????	       18		      BYTE.b	%00011000
    220  0390 ????	       08		      BYTE.b	%00001000
    221  0391 ????	       08		      BYTE.b	%00001000
    222  0392 ????	       0c		      BYTE.b	%00001100
    223  0393 ????	       07		      BYTE.b	%00000111
    224  0394 ????	       00		      BYTE.b	%00000000
    225  0395 ????	       00		      BYTE.b	%00000000
    226  0396 ????	       00		      BYTE.b	%00000000
    227  0397 ????	       00		      BYTE.b	%00000000
    228  0398 ????	       00		      BYTE.b	%00000000
    229  0399 ????	       00		      BYTE.b	%00000000
    230  039a ????
    231  039a ????			  -	      if	>. != >[.+(bmp_96x2_2_height)]
    232  039a ????			  -	      align	256
    233  039a ????				      endif
    234  039a ????
    235  039a ????			   bmp_96x2_2_03
    236  039a ????	       00		      BYTE.b	%00000000
    237  039b ????	       00		      BYTE.b	%00000000
    238  039c ????	       00		      BYTE.b	%00000000
    239  039d ????	       00		      BYTE.b	%00000000
    240  039e ????	       e8		      BYTE.b	%11101000
    241  039f ????	       08		      BYTE.b	%00001000
    242  03a0 ????	       09		      BYTE.b	%00001001
    243  03a1 ????	       09		      BYTE.b	%00001001
    244  03a2 ????	       0f		      BYTE.b	%00001111
    245  03a3 ????	       89		      BYTE.b	%10001001
    246  03a4 ????	       89		      BYTE.b	%10001001
    247  03a5 ????	       c9		      BYTE.b	%11001001
    248  03a6 ????	       49		      BYTE.b	%01001001
    249  03a7 ????	       ef		      BYTE.b	%11101111
    250  03a8 ????	       00		      BYTE.b	%00000000
    251  03a9 ????	       00		      BYTE.b	%00000000
    252  03aa ????	       00		      BYTE.b	%00000000
    253  03ab ????	       00		      BYTE.b	%00000000
    254  03ac ????	       00		      BYTE.b	%00000000
    255  03ad ????	       00		      BYTE.b	%00000000
    256  03ae ????	       00		      BYTE.b	%00000000
    257  03af ????	       00		      BYTE.b	%00000000
    258  03b0 ????	       00		      BYTE.b	%00000000
    259  03b1 ????	       00		      BYTE.b	%00000000
    260  03b2 ????	       70		      BYTE.b	%01110000
    261  03b3 ????	       98		      BYTE.b	%10011000
    262  03b4 ????	       18		      BYTE.b	%00011000
    263  03b5 ????	       18		      BYTE.b	%00011000
    264  03b6 ????	       38		      BYTE.b	%00111000
    265  03b7 ????	       60		      BYTE.b	%01100000
    266  03b8 ????	       c0		      BYTE.b	%11000000
    267  03b9 ????	       c0		      BYTE.b	%11000000
    268  03ba ????	       c0		      BYTE.b	%11000000
    269  03bb ????	       78		      BYTE.b	%01111000
    270  03bc ????	       00		      BYTE.b	%00000000
    271  03bd ????	       00		      BYTE.b	%00000000
    272  03be ????	       00		      BYTE.b	%00000000
    273  03bf ????	       00		      BYTE.b	%00000000
    274  03c0 ????	       00		      BYTE.b	%00000000
    275  03c1 ????	       00		      BYTE.b	%00000000
    276  03c2 ????	       00		      BYTE.b	%00000000
    277  03c3 ????	       00		      BYTE.b	%00000000
    278  03c4 ????	       00		      BYTE.b	%00000000
    279  03c5 ????	       00		      BYTE.b	%00000000
    280  03c6 ????	       b1		      BYTE.b	%10110001
    281  03c7 ????	       91		      BYTE.b	%10010001
    282  03c8 ????	       9f		      BYTE.b	%10011111
    283  03c9 ????	       9f		      BYTE.b	%10011111
    284  03ca ????	       99		      BYTE.b	%10011001
    285  03cb ????	       0b		      BYTE.b	%00001011
    286  03cc ????	       0a		      BYTE.b	%00001010
    287  03cd ????	       0a		      BYTE.b	%00001010
    288  03ce ????	       0e		      BYTE.b	%00001110
    289  03cf ????	       86		      BYTE.b	%10000110
    290  03d0 ????	       00		      BYTE.b	%00000000
    291  03d1 ????	       00		      BYTE.b	%00000000
    292  03d2 ????	       00		      BYTE.b	%00000000
    293  03d3 ????	       00		      BYTE.b	%00000000
    294  03d4 ????	       00		      BYTE.b	%00000000
    295  03d5 ????	       00		      BYTE.b	%00000000
    296  03d6 ????
    297  03d6 ????			  -	      if	>. != >[.+(bmp_96x2_2_height)]
    298  03d6 ????			  -	      align	256
    299  03d6 ????				      endif
    300  03d6 ????
    301  03d6 ????			   bmp_96x2_2_04
    302  03d6 ????	       00		      BYTE.b	%00000000
    303  03d7 ????	       00		      BYTE.b	%00000000
    304  03d8 ????	       00		      BYTE.b	%00000000
    305  03d9 ????	       00		      BYTE.b	%00000000
    306  03da ????	       ce		      BYTE.b	%11001110
    307  03db ????	       9b		      BYTE.b	%10011011
    308  03dc ????	       b1		      BYTE.b	%10110001
    309  03dd ????	       31		      BYTE.b	%00110001
    310  03de ????	       31		      BYTE.b	%00110001
    311  03df ????	       31		      BYTE.b	%00110001
    312  03e0 ????	       b1		      BYTE.b	%10110001
    313  03e1 ????	       b1		      BYTE.b	%10110001
    314  03e2 ????	       9b		      BYTE.b	%10011011
    315  03e3 ????	       0e		      BYTE.b	%00001110
    316  03e4 ????	       00		      BYTE.b	%00000000
    317  03e5 ????	       00		      BYTE.b	%00000000
    318  03e6 ????	       00		      BYTE.b	%00000000
    319  03e7 ????	       00		      BYTE.b	%00000000
    320  03e8 ????	       00		      BYTE.b	%00000000
    321  03e9 ????	       00		      BYTE.b	%00000000
    322  03ea ????	       00		      BYTE.b	%00000000
    323  03eb ????	       00		      BYTE.b	%00000000
    324  03ec ????	       00		      BYTE.b	%00000000
    325  03ed ????	       00		      BYTE.b	%00000000
    326  03ee ????	       41		      BYTE.b	%01000001
    327  03ef ????	       63		      BYTE.b	%01100011
    328  03f0 ????	       63		      BYTE.b	%01100011
    329  03f1 ????	       63		      BYTE.b	%01100011
    330  03f2 ????	       7b		      BYTE.b	%01111011
    331  03f3 ????	       63		      BYTE.b	%01100011
    332  03f4 ????	       63		      BYTE.b	%01100011
    333  03f5 ????	       63		      BYTE.b	%01100011
    334  03f6 ????	       63		      BYTE.b	%01100011
    335  03f7 ????	       7b		      BYTE.b	%01111011
    336  03f8 ????	       00		      BYTE.b	%00000000
    337  03f9 ????	       00		      BYTE.b	%00000000
    338  03fa ????	       00		      BYTE.b	%00000000
    339  03fb ????	       00		      BYTE.b	%00000000
    340  03fc ????	       00		      BYTE.b	%00000000
    341  03fd ????	       00		      BYTE.b	%00000000
    342  03fe ????	       00		      BYTE.b	%00000000
    343  03ff ????	       00		      BYTE.b	%00000000
    344  0400 ????	       00		      BYTE.b	%00000000
    345  0401 ????	       00		      BYTE.b	%00000000
    346  0402 ????	       a6		      BYTE.b	%10100110
    347  0403 ????	       a6		      BYTE.b	%10100110
    348  0404 ????	       26		      BYTE.b	%00100110
    349  0405 ????	       26		      BYTE.b	%00100110
    350  0406 ????	       2d		      BYTE.b	%00101101
    351  0407 ????	       29		      BYTE.b	%00101001
    352  0408 ????	       39		      BYTE.b	%00111001
    353  0409 ????	       39		      BYTE.b	%00111001
    354  040a ????	       39		      BYTE.b	%00111001
    355  040b ????	       30		      BYTE.b	%00110000
    356  040c ????	       00		      BYTE.b	%00000000
    357  040d ????	       00		      BYTE.b	%00000000
    358  040e ????	       00		      BYTE.b	%00000000
    359  040f ????	       00		      BYTE.b	%00000000
    360  0410 ????	       00		      BYTE.b	%00000000
    361  0411 ????	       00		      BYTE.b	%00000000
    362  0412 ????
    363  0412 ????			  -	      if	>. != >[.+(bmp_96x2_2_height)]
    364  0412 ????			  -	      align	256
    365  0412 ????				      endif
    366  0412 ????
    367  0412 ????			   bmp_96x2_2_05
    368  0412 ????	       00		      BYTE.b	%00000000
    369  0413 ????	       00		      BYTE.b	%00000000
    370  0414 ????	       00		      BYTE.b	%00000000
    371  0415 ????	       00		      BYTE.b	%00000000
    372  0416 ????	       0e		      BYTE.b	%00001110
    373  0417 ????	       13		      BYTE.b	%00010011
    374  0418 ????	       31		      BYTE.b	%00110001
    375  0419 ????	       a1		      BYTE.b	%10100001
    376  041a ????	       a7		      BYTE.b	%10100111
    377  041b ????	       a0		      BYTE.b	%10100000
    378  041c ????	       a0		      BYTE.b	%10100000
    379  041d ????	       b0		      BYTE.b	%10110000
    380  041e ????	       18		      BYTE.b	%00011000
    381  041f ????	       0e		      BYTE.b	%00001110
    382  0420 ????	       00		      BYTE.b	%00000000
    383  0421 ????	       00		      BYTE.b	%00000000
    384  0422 ????	       00		      BYTE.b	%00000000
    385  0423 ????	       00		      BYTE.b	%00000000
    386  0424 ????	       00		      BYTE.b	%00000000
    387  0425 ????	       00		      BYTE.b	%00000000
    388  0426 ????	       00		      BYTE.b	%00000000
    389  0427 ????	       00		      BYTE.b	%00000000
    390  0428 ????	       00		      BYTE.b	%00000000
    391  0429 ????	       00		      BYTE.b	%00000000
    392  042a ????	       22		      BYTE.b	%00100010
    393  042b ????	       26		      BYTE.b	%00100110
    394  042c ????	       24		      BYTE.b	%00100100
    395  042d ????	       2c		      BYTE.b	%00101100
    396  042e ????	       38		      BYTE.b	%00111000
    397  042f ????	       24		      BYTE.b	%00100100
    398  0430 ????	       26		      BYTE.b	%00100110
    399  0431 ????	       26		      BYTE.b	%00100110
    400  0432 ????	       26		      BYTE.b	%00100110
    401  0433 ????	       3c		      BYTE.b	%00111100
    402  0434 ????	       00		      BYTE.b	%00000000
    403  0435 ????	       00		      BYTE.b	%00000000
    404  0436 ????	       00		      BYTE.b	%00000000
    405  0437 ????	       00		      BYTE.b	%00000000
    406  0438 ????	       00		      BYTE.b	%00000000
    407  0439 ????	       00		      BYTE.b	%00000000
    408  043a ????	       00		      BYTE.b	%00000000
    409  043b ????	       00		      BYTE.b	%00000000
    410  043c ????	       00		      BYTE.b	%00000000
    411  043d ????	       00		      BYTE.b	%00000000
    412  043e ????	       4f		      BYTE.b	%01001111
    413  043f ????	       48		      BYTE.b	%01001000
    414  0440 ????	       48		      BYTE.b	%01001000
    415  0441 ????	       48		      BYTE.b	%01001000
    416  0442 ????	       4c		      BYTE.b	%01001100
    417  0443 ????	       4e		      BYTE.b	%01001110
    418  0444 ????	       48		      BYTE.b	%01001000
    419  0445 ????	       c8		      BYTE.b	%11001000
    420  0446 ????	       c8		      BYTE.b	%11001000
    421  0447 ????	       cf		      BYTE.b	%11001111
    422  0448 ????	       00		      BYTE.b	%00000000
    423  0449 ????	       00		      BYTE.b	%00000000
    424  044a ????	       00		      BYTE.b	%00000000
    425  044b ????	       00		      BYTE.b	%00000000
    426  044c ????	       00		      BYTE.b	%00000000
    427  044d ????	       00		      BYTE.b	%00000000
    428  044e ????
    429  044e ????			  -	      if	>. != >[.+(bmp_96x2_2_height)]
    430  044e ????			  -	      align	256
    431  044e ????				      endif
    432  044e ????
    433  044e ????			   bmp_96x2_2_06
    434  044e ????	       00		      BYTE.b	%00000000
    435  044f ????	       00		      BYTE.b	%00000000
    436  0450 ????	       00		      BYTE.b	%00000000
    437  0451 ????	       00		      BYTE.b	%00000000
    438  0452 ????	       03		      BYTE.b	%00000011
    439  0453 ????	       06		      BYTE.b	%00000110
    440  0454 ????	       0c		      BYTE.b	%00001100
    441  0455 ????	       0c		      BYTE.b	%00001100
    442  0456 ????	       09		      BYTE.b	%00001001
    443  0457 ????	       08		      BYTE.b	%00001000
    444  0458 ????	       0c		      BYTE.b	%00001100
    445  0459 ????	       0c		      BYTE.b	%00001100
    446  045a ????	       06		      BYTE.b	%00000110
    447  045b ????	       03		      BYTE.b	%00000011
    448  045c ????	       00		      BYTE.b	%00000000
    449  045d ????	       00		      BYTE.b	%00000000
    450  045e ????	       00		      BYTE.b	%00000000
    451  045f ????	       00		      BYTE.b	%00000000
    452  0460 ????	       00		      BYTE.b	%00000000
    453  0461 ????	       00		      BYTE.b	%00000000
    454  0462 ????	       00		      BYTE.b	%00000000
    455  0463 ????	       00		      BYTE.b	%00000000
    456  0464 ????	       00		      BYTE.b	%00000000
    457  0465 ????	       00		      BYTE.b	%00000000
    458  0466 ????	       f0		      BYTE.b	%11110000
    459  0467 ????	       c0		      BYTE.b	%11000000
    460  0468 ????	       c0		      BYTE.b	%11000000
    461  0469 ????	       c0		      BYTE.b	%11000000
    462  046a ????	       c0		      BYTE.b	%11000000
    463  046b ????	       f0		      BYTE.b	%11110000
    464  046c ????	       c0		      BYTE.b	%11000000
    465  046d ????	       c0		      BYTE.b	%11000000
    466  046e ????	       c0		      BYTE.b	%11000000
    467  046f ????	       f0		      BYTE.b	%11110000
    468  0470 ????	       00		      BYTE.b	%00000000
    469  0471 ????	       00		      BYTE.b	%00000000
    470  0472 ????	       00		      BYTE.b	%00000000
    471  0473 ????	       00		      BYTE.b	%00000000
    472  0474 ????	       00		      BYTE.b	%00000000
    473  0475 ????	       00		      BYTE.b	%00000000
    474  0476 ????	       00		      BYTE.b	%00000000
    475  0477 ????	       00		      BYTE.b	%00000000
    476  0478 ????	       00		      BYTE.b	%00000000
    477  0479 ????	       00		      BYTE.b	%00000000
    478  047a ????	       03		      BYTE.b	%00000011
    479  047b ????	       04		      BYTE.b	%00000100
    480  047c ????	       0c		      BYTE.b	%00001100
    481  047d ????	       08		      BYTE.b	%00001000
    482  047e ????	       08		      BYTE.b	%00001000
    483  047f ????	       08		      BYTE.b	%00001000
    484  0480 ????	       08		      BYTE.b	%00001000
    485  0481 ????	       0c		      BYTE.b	%00001100
    486  0482 ????	       0c		      BYTE.b	%00001100
    487  0483 ????	       03		      BYTE.b	%00000011
    488  0484 ????	       00		      BYTE.b	%00000000
    489  0485 ????	       00		      BYTE.b	%00000000
    490  0486 ????	       00		      BYTE.b	%00000000
    491  0487 ????	       00		      BYTE.b	%00000000
    492  0488 ????	       00		      BYTE.b	%00000000
    493  0489 ????	       00		      BYTE.b	%00000000
    494  048a ????
    495  048a ????			  -	      if	>. != >[.+(bmp_96x2_2_height)]
    496  048a ????			  -	      align	256
    497  048a ????				      endif
    498  048a ????
    499  048a ????			   bmp_96x2_2_07
    500  048a ????	       00		      BYTE.b	%00000000
    501  048b ????	       00		      BYTE.b	%00000000
    502  048c ????	       00		      BYTE.b	%00000000
    503  048d ????	       00		      BYTE.b	%00000000
    504  048e ????	       90		      BYTE.b	%10010000
    505  048f ????	       d8		      BYTE.b	%11011000
    506  0490 ????	       4f		      BYTE.b	%01001111
    507  0491 ????	       4f		      BYTE.b	%01001111
    508  0492 ????	       c9		      BYTE.b	%11001001
    509  0493 ????	       09		      BYTE.b	%00001001
    510  0494 ????	       05		      BYTE.b	%00000101
    511  0495 ????	       07		      BYTE.b	%00000111
    512  0496 ????	       07		      BYTE.b	%00000111
    513  0497 ????	       c6		      BYTE.b	%11000110
    514  0498 ????	       00		      BYTE.b	%00000000
    515  0499 ????	       00		      BYTE.b	%00000000
    516  049a ????	       00		      BYTE.b	%00000000
    517  049b ????	       00		      BYTE.b	%00000000
    518  049c ????	       00		      BYTE.b	%00000000
    519  049d ????	       00		      BYTE.b	%00000000
    520  049e ????	       00		      BYTE.b	%00000000
    521  049f ????	       00		      BYTE.b	%00000000
    522  04a0 ????	       00		      BYTE.b	%00000000
    523  04a1 ????	       00		      BYTE.b	%00000000
    524  04a2 ????	       20		      BYTE.b	%00100000
    525  04a3 ????	       21		      BYTE.b	%00100001
    526  04a4 ????	       23		      BYTE.b	%00100011
    527  04a5 ????	       22		      BYTE.b	%00100010
    528  04a6 ????	       22		      BYTE.b	%00100010
    529  04a7 ????	       22		      BYTE.b	%00100010
    530  04a8 ????	       22		      BYTE.b	%00100010
    531  04a9 ????	       23		      BYTE.b	%00100011
    532  04aa ????	       23		      BYTE.b	%00100011
    533  04ab ????	       f8		      BYTE.b	%11111000
    534  04ac ????	       00		      BYTE.b	%00000000
    535  04ad ????	       00		      BYTE.b	%00000000
    536  04ae ????	       00		      BYTE.b	%00000000
    537  04af ????	       00		      BYTE.b	%00000000
    538  04b0 ????	       00		      BYTE.b	%00000000
    539  04b1 ????	       00		      BYTE.b	%00000000
    540  04b2 ????	       00		      BYTE.b	%00000000
    541  04b3 ????	       00		      BYTE.b	%00000000
    542  04b4 ????	       00		      BYTE.b	%00000000
    543  04b5 ????	       00		      BYTE.b	%00000000
    544  04b6 ????	       06		      BYTE.b	%00000110
    545  04b7 ????	       86		      BYTE.b	%10000110
    546  04b8 ????	       47		      BYTE.b	%01000111
    547  04b9 ????	       45		      BYTE.b	%01000101
    548  04ba ????	       45		      BYTE.b	%01000101
    549  04bb ????	       4d		      BYTE.b	%01001101
    550  04bc ????	       49		      BYTE.b	%01001001
    551  04bd ????	       48		      BYTE.b	%01001000
    552  04be ????	       c8		      BYTE.b	%11001000
    553  04bf ????	       98		      BYTE.b	%10011000
    554  04c0 ????	       00		      BYTE.b	%00000000
    555  04c1 ????	       00		      BYTE.b	%00000000
    556  04c2 ????	       00		      BYTE.b	%00000000
    557  04c3 ????	       00		      BYTE.b	%00000000
    558  04c4 ????	       00		      BYTE.b	%00000000
    559  04c5 ????	       00		      BYTE.b	%00000000
    560  04c6 ????
    561  04c6 ????			  -	      if	>. != >[.+(bmp_96x2_2_height)]
    562  04c6 ????			  -	      align	256
    563  04c6 ????				      endif
    564  04c6 ????
    565  04c6 ????			   bmp_96x2_2_08
    566  04c6 ????	       00		      BYTE.b	%00000000
    567  04c7 ????	       00		      BYTE.b	%00000000
    568  04c8 ????	       00		      BYTE.b	%00000000
    569  04c9 ????	       00		      BYTE.b	%00000000
    570  04ca ????	       92		      BYTE.b	%10010010
    571  04cb ????	       92		      BYTE.b	%10010010
    572  04cc ????	       97		      BYTE.b	%10010111
    573  04cd ????	       97		      BYTE.b	%10010111
    574  04ce ????	       95		      BYTE.b	%10010101
    575  04cf ????	       15		      BYTE.b	%00010101
    576  04d0 ????	       1c		      BYTE.b	%00011100
    577  04d1 ????	       18		      BYTE.b	%00011000
    578  04d2 ????	       18		      BYTE.b	%00011000
    579  04d3 ????	       18		      BYTE.b	%00011000
    580  04d4 ????	       00		      BYTE.b	%00000000
    581  04d5 ????	       00		      BYTE.b	%00000000
    582  04d6 ????	       00		      BYTE.b	%00000000
    583  04d7 ????	       00		      BYTE.b	%00000000
    584  04d8 ????	       00		      BYTE.b	%00000000
    585  04d9 ????	       00		      BYTE.b	%00000000
    586  04da ????	       00		      BYTE.b	%00000000
    587  04db ????	       00		      BYTE.b	%00000000
    588  04dc ????	       00		      BYTE.b	%00000000
    589  04dd ????	       00		      BYTE.b	%00000000
    590  04de ????	       e0		      BYTE.b	%11100000
    591  04df ????	       20		      BYTE.b	%00100000
    592  04e0 ????	       10		      BYTE.b	%00010000
    593  04e1 ????	       10		      BYTE.b	%00010000
    594  04e2 ????	       10		      BYTE.b	%00010000
    595  04e3 ????	       10		      BYTE.b	%00010000
    596  04e4 ????	       10		      BYTE.b	%00010000
    597  04e5 ????	       10		      BYTE.b	%00010000
    598  04e6 ????	       30		      BYTE.b	%00110000
    599  04e7 ????	       e0		      BYTE.b	%11100000
    600  04e8 ????	       00		      BYTE.b	%00000000
    601  04e9 ????	       00		      BYTE.b	%00000000
    602  04ea ????	       00		      BYTE.b	%00000000
    603  04eb ????	       00		      BYTE.b	%00000000
    604  04ec ????	       00		      BYTE.b	%00000000
    605  04ed ????	       00		      BYTE.b	%00000000
    606  04ee ????	       00		      BYTE.b	%00000000
    607  04ef ????	       00		      BYTE.b	%00000000
    608  04f0 ????	       00		      BYTE.b	%00000000
    609  04f1 ????	       00		      BYTE.b	%00000000
    610  04f2 ????	       1e		      BYTE.b	%00011110
    611  04f3 ????	       10		      BYTE.b	%00010000
    612  04f4 ????	       10		      BYTE.b	%00010000
    613  04f5 ????	       10		      BYTE.b	%00010000
    614  04f6 ????	       10		      BYTE.b	%00010000
    615  04f7 ????	       1c		      BYTE.b	%00011100
    616  04f8 ????	       90		      BYTE.b	%10010000
    617  04f9 ????	       90		      BYTE.b	%10010000
    618  04fa ????	       90		      BYTE.b	%10010000
    619  04fb ????	       9e		      BYTE.b	%10011110
    620  04fc ????	       00		      BYTE.b	%00000000
    621  04fd ????	       00		      BYTE.b	%00000000
    622  04fe ????	       00		      BYTE.b	%00000000
    623  04ff ????	       00		      BYTE.b	%00000000
    624  0500 ????	       00		      BYTE.b	%00000000
    625  0501 ????	       00		      BYTE.b	%00000000
    626  0502 ????
    627  0502 ????			  -	      if	>. != >[.+(bmp_96x2_2_height)]
    628  0502 ????			  -	      align	256
    629  0502 ????				      endif
    630  0502 ????
    631  0502 ????			   bmp_96x2_2_09
    632  0502 ????	       00		      BYTE.b	%00000000
    633  0503 ????	       00		      BYTE.b	%00000000
    634  0504 ????	       00		      BYTE.b	%00000000
    635  0505 ????	       00		      BYTE.b	%00000000
    636  0506 ????	       4f		      BYTE.b	%01001111
    637  0507 ????	       6c		      BYTE.b	%01101100
    638  0508 ????	       6c		      BYTE.b	%01101100
    639  0509 ????	       6c		      BYTE.b	%01101100
    640  050a ????	       6c		      BYTE.b	%01101100
    641  050b ????	       6f		      BYTE.b	%01101111
    642  050c ????	       ec		      BYTE.b	%11101100
    643  050d ????	       ec		      BYTE.b	%11101100
    644  050e ????	       ec		      BYTE.b	%11101100
    645  050f ????	       ef		      BYTE.b	%11101111
    646  0510 ????	       00		      BYTE.b	%00000000
    647  0511 ????	       00		      BYTE.b	%00000000
    648  0512 ????	       00		      BYTE.b	%00000000
    649  0513 ????	       00		      BYTE.b	%00000000
    650  0514 ????	       00		      BYTE.b	%00000000
    651  0515 ????	       00		      BYTE.b	%00000000
    652  0516 ????	       00		      BYTE.b	%00000000
    653  0517 ????	       00		      BYTE.b	%00000000
    654  0518 ????	       00		      BYTE.b	%00000000
    655  0519 ????	       00		      BYTE.b	%00000000
    656  051a ????	       41		      BYTE.b	%01000001
    657  051b ????	       41		      BYTE.b	%01000001
    658  051c ????	       41		      BYTE.b	%01000001
    659  051d ????	       41		      BYTE.b	%01000001
    660  051e ????	       79		      BYTE.b	%01111001
    661  051f ????	       49		      BYTE.b	%01001001
    662  0520 ????	       4d		      BYTE.b	%01001101
    663  0521 ????	       4d		      BYTE.b	%01001101
    664  0522 ????	       4d		      BYTE.b	%01001101
    665  0523 ????	       79		      BYTE.b	%01111001
    666  0524 ????	       00		      BYTE.b	%00000000
    667  0525 ????	       00		      BYTE.b	%00000000
    668  0526 ????	       00		      BYTE.b	%00000000
    669  0527 ????	       00		      BYTE.b	%00000000
    670  0528 ????	       00		      BYTE.b	%00000000
    671  0529 ????	       00		      BYTE.b	%00000000
    672  052a ????	       00		      BYTE.b	%00000000
    673  052b ????	       00		      BYTE.b	%00000000
    674  052c ????	       00		      BYTE.b	%00000000
    675  052d ????	       00		      BYTE.b	%00000000
    676  052e ????	       8c		      BYTE.b	%10001100
    677  052f ????	       88		      BYTE.b	%10001000
    678  0530 ????	       98		      BYTE.b	%10011000
    679  0531 ????	       90		      BYTE.b	%10010000
    680  0532 ????	       f0		      BYTE.b	%11110000
    681  0533 ????	       90		      BYTE.b	%10010000
    682  0534 ????	       98		      BYTE.b	%10011000
    683  0535 ????	       88		      BYTE.b	%10001000
    684  0536 ????	       98		      BYTE.b	%10011000
    685  0537 ????	       f0		      BYTE.b	%11110000
    686  0538 ????	       00		      BYTE.b	%00000000
    687  0539 ????	       00		      BYTE.b	%00000000
    688  053a ????	       00		      BYTE.b	%00000000
    689  053b ????	       00		      BYTE.b	%00000000
    690  053c ????	       00		      BYTE.b	%00000000
    691  053d ????	       00		      BYTE.b	%00000000
    692  053e ????
    693  053e ????			  -	      if	>. != >[.+(bmp_96x2_2_height)]
    694  053e ????			  -	      align	256
    695  053e ????				      endif
    696  053e ????
    697  053e ????			   bmp_96x2_2_10
    698  053e ????	       00		      BYTE.b	%00000000
    699  053f ????	       00		      BYTE.b	%00000000
    700  0540 ????	       00		      BYTE.b	%00000000
    701  0541 ????	       00		      BYTE.b	%00000000
    702  0542 ????	       b8		      BYTE.b	%10111000
    703  0543 ????	       0c		      BYTE.b	%00001100
    704  0544 ????	       04		      BYTE.b	%00000100
    705  0545 ????	       0c		      BYTE.b	%00001100
    706  0546 ????	       1c		      BYTE.b	%00011100
    707  0547 ????	       30		      BYTE.b	%00110000
    708  0548 ????	       20		      BYTE.b	%00100000
    709  0549 ????	       20		      BYTE.b	%00100000
    710  054a ????	       20		      BYTE.b	%00100000
    711  054b ????	       1c		      BYTE.b	%00011100
    712  054c ????	       00		      BYTE.b	%00000000
    713  054d ????	       00		      BYTE.b	%00000000
    714  054e ????	       00		      BYTE.b	%00000000
    715  054f ????	       00		      BYTE.b	%00000000
    716  0550 ????	       00		      BYTE.b	%00000000
    717  0551 ????	       00		      BYTE.b	%00000000
    718  0552 ????	       00		      BYTE.b	%00000000
    719  0553 ????	       00		      BYTE.b	%00000000
    720  0554 ????	       00		      BYTE.b	%00000000
    721  0555 ????	       00		      BYTE.b	%00000000
    722  0556 ????	       e8		      BYTE.b	%11101000
    723  0557 ????	       08		      BYTE.b	%00001000
    724  0558 ????	       0f		      BYTE.b	%00001111
    725  0559 ????	       07		      BYTE.b	%00000111
    726  055a ????	       04		      BYTE.b	%00000100
    727  055b ????	       04		      BYTE.b	%00000100
    728  055c ????	       07		      BYTE.b	%00000111
    729  055d ????	       03		      BYTE.b	%00000011
    730  055e ????	       03		      BYTE.b	%00000011
    731  055f ????	       03		      BYTE.b	%00000011
    732  0560 ????	       00		      BYTE.b	%00000000
    733  0561 ????	       00		      BYTE.b	%00000000
    734  0562 ????	       00		      BYTE.b	%00000000
    735  0563 ????	       00		      BYTE.b	%00000000
    736  0564 ????	       00		      BYTE.b	%00000000
    737  0565 ????	       00		      BYTE.b	%00000000
    738  0566 ????	       00		      BYTE.b	%00000000
    739  0567 ????	       00		      BYTE.b	%00000000
    740  0568 ????	       00		      BYTE.b	%00000000
    741  0569 ????	       00		      BYTE.b	%00000000
    742  056a ????	       00		      BYTE.b	%00000000
    743  056b ????	       00		      BYTE.b	%00000000
    744  056c ????	       00		      BYTE.b	%00000000
    745  056d ????	       00		      BYTE.b	%00000000
    746  056e ????	       00		      BYTE.b	%00000000
    747  056f ????	       00		      BYTE.b	%00000000
    748  0570 ????	       00		      BYTE.b	%00000000
    749  0571 ????	       00		      BYTE.b	%00000000
    750  0572 ????	       00		      BYTE.b	%00000000
    751  0573 ????	       00		      BYTE.b	%00000000
    752  0574 ????	       00		      BYTE.b	%00000000
    753  0575 ????	       00		      BYTE.b	%00000000
    754  0576 ????	       00		      BYTE.b	%00000000
    755  0577 ????	       00		      BYTE.b	%00000000
    756  0578 ????	       00		      BYTE.b	%00000000
    757  0579 ????	       00		      BYTE.b	%00000000
    758  057a ????
    759  057a ????			  -	      if	>. != >[.+(bmp_96x2_2_height)]
    760  057a ????			  -	      align	256
    761  057a ????				      endif
    762  057a ????
    763  057a ????			   bmp_96x2_2_11
    764  057a ????	       00		      BYTE.b	%00000000
    765  057b ????	       00		      BYTE.b	%00000000
    766  057c ????	       00		      BYTE.b	%00000000
    767  057d ????	       00		      BYTE.b	%00000000
    768  057e ????	       00		      BYTE.b	%00000000
    769  057f ????	       00		      BYTE.b	%00000000
    770  0580 ????	       00		      BYTE.b	%00000000
    771  0581 ????	       00		      BYTE.b	%00000000
    772  0582 ????	       00		      BYTE.b	%00000000
    773  0583 ????	       00		      BYTE.b	%00000000
    774  0584 ????	       00		      BYTE.b	%00000000
    775  0585 ????	       00		      BYTE.b	%00000000
    776  0586 ????	       00		      BYTE.b	%00000000
    777  0587 ????	       00		      BYTE.b	%00000000
    778  0588 ????	       00		      BYTE.b	%00000000
    779  0589 ????	       00		      BYTE.b	%00000000
    780  058a ????	       00		      BYTE.b	%00000000
    781  058b ????	       00		      BYTE.b	%00000000
    782  058c ????	       00		      BYTE.b	%00000000
    783  058d ????	       00		      BYTE.b	%00000000
    784  058e ????	       00		      BYTE.b	%00000000
    785  058f ????	       00		      BYTE.b	%00000000
    786  0590 ????	       00		      BYTE.b	%00000000
    787  0591 ????	       00		      BYTE.b	%00000000
    788  0592 ????	       4c		      BYTE.b	%01001100
    789  0593 ????	       4c		      BYTE.b	%01001100
    790  0594 ????	       cc		      BYTE.b	%11001100
    791  0595 ????	       cc		      BYTE.b	%11001100
    792  0596 ????	       8c		      BYTE.b	%10001100
    793  0597 ????	       8c		      BYTE.b	%10001100
    794  0598 ????	       9e		      BYTE.b	%10011110
    795  0599 ????	       92		      BYTE.b	%10010010
    796  059a ????	       12		      BYTE.b	%00010010
    797  059b ????	       33		      BYTE.b	%00110011
    798  059c ????	       00		      BYTE.b	%00000000
    799  059d ????	       00		      BYTE.b	%00000000
    800  059e ????	       00		      BYTE.b	%00000000
    801  059f ????	       00		      BYTE.b	%00000000
    802  05a0 ????	       00		      BYTE.b	%00000000
    803  05a1 ????	       00		      BYTE.b	%00000000
    804  05a2 ????	       00		      BYTE.b	%00000000
    805  05a3 ????	       00		      BYTE.b	%00000000
    806  05a4 ????	       00		      BYTE.b	%00000000
    807  05a5 ????	       00		      BYTE.b	%00000000
    808  05a6 ????	       00		      BYTE.b	%00000000
    809  05a7 ????	       00		      BYTE.b	%00000000
    810  05a8 ????	       00		      BYTE.b	%00000000
    811  05a9 ????	       00		      BYTE.b	%00000000
    812  05aa ????	       00		      BYTE.b	%00000000
    813  05ab ????	       00		      BYTE.b	%00000000
    814  05ac ????	       00		      BYTE.b	%00000000
    815  05ad ????	       00		      BYTE.b	%00000000
    816  05ae ????	       00		      BYTE.b	%00000000
    817  05af ????	       00		      BYTE.b	%00000000
    818  05b0 ????	       00		      BYTE.b	%00000000
    819  05b1 ????	       00		      BYTE.b	%00000000
    820  05b2 ????	       00		      BYTE.b	%00000000
    821  05b3 ????	       00		      BYTE.b	%00000000
    822  05b4 ????	       00		      BYTE.b	%00000000
    823  05b5 ????	       00		      BYTE.b	%00000000
    824  05b6 ????
